<?xml version="1.0" encoding="UTF-8"?>
<coverage generated="1456104046">
  <project timestamp="1456104046">
    <package name="Eloquent\Composer\NpmBridge\Exception">
      <file name="/home/travis/build/eloquent/composer-npm-bridge/src/Exception/NpmCommandFailedException.php">
        <class name="NpmCommandFailedException" namespace="Eloquent\Composer\NpmBridge\Exception">
          <metrics methods="2" coveredmethods="2" conditionals="0" coveredconditionals="0" statements="7" coveredstatements="7" elements="9" coveredelements="9"/>
        </class>
        <line num="27" type="method" name="__construct" crap="1" count="4"/>
        <line num="29" type="stmt" count="4"/>
        <line num="31" type="stmt" count="4"/>
        <line num="32" type="stmt" count="4"/>
        <line num="33" type="stmt" count="4"/>
        <line num="35" type="stmt" count="4"/>
        <line num="36" type="stmt" count="4"/>
        <line num="43" type="method" name="command" crap="1" count="1"/>
        <line num="45" type="stmt" count="1"/>
        <metrics loc="49" ncloc="27" classes="1" methods="2" coveredmethods="2" conditionals="0" coveredconditionals="0" statements="7" coveredstatements="7" elements="9" coveredelements="9"/>
      </file>
      <file name="/home/travis/build/eloquent/composer-npm-bridge/src/Exception/NpmNotFoundException.php">
        <class name="NpmNotFoundException" namespace="Eloquent\Composer\NpmBridge\Exception">
          <metrics methods="1" coveredmethods="1" conditionals="0" coveredconditionals="0" statements="5" coveredstatements="5" elements="6" coveredelements="6"/>
        </class>
        <line num="26" type="method" name="__construct" crap="1" count="4"/>
        <line num="28" type="stmt" count="4"/>
        <line num="29" type="stmt" count="4"/>
        <line num="30" type="stmt" count="4"/>
        <line num="32" type="stmt" count="4"/>
        <line num="33" type="stmt" count="4"/>
        <metrics loc="34" ncloc="18" classes="1" methods="1" coveredmethods="1" conditionals="0" coveredconditionals="0" statements="5" coveredstatements="5" elements="6" coveredelements="6"/>
      </file>
    </package>
    <package name="Eloquent\Composer\NpmBridge">
      <file name="/home/travis/build/eloquent/composer-npm-bridge/src/NpmBridge.php">
        <class name="NpmBridge" namespace="Eloquent\Composer\NpmBridge">
          <metrics methods="5" coveredmethods="5" conditionals="0" coveredconditionals="0" statements="51" coveredstatements="51" elements="56" coveredelements="56"/>
        </class>
        <line num="34" type="method" name="__construct" crap="1" count="10"/>
        <line num="39" type="stmt" count="10"/>
        <line num="40" type="stmt" count="10"/>
        <line num="41" type="stmt" count="10"/>
        <line num="42" type="stmt" count="10"/>
        <line num="53" type="method" name="install" crap="2" count="5"/>
        <line num="55" type="stmt" count="5"/>
        <line num="57" type="stmt" count="5"/>
        <line num="59" type="stmt" count="5"/>
        <line num="60" type="stmt" count="3"/>
        <line num="61" type="stmt" count="3"/>
        <line num="62" type="stmt" count="2"/>
        <line num="65" type="stmt" count="5"/>
        <line num="66" type="stmt" count="5"/>
        <line num="80" type="method" name="update" crap="2" count="2"/>
        <line num="82" type="stmt" count="2"/>
        <line num="84" type="stmt" count="2"/>
        <line num="86" type="stmt" count="2"/>
        <line num="87" type="stmt" count="1"/>
        <line num="88" type="stmt" count="1"/>
        <line num="89" type="stmt" count="1"/>
        <line num="90" type="stmt" count="1"/>
        <line num="91" type="stmt" count="1"/>
        <line num="94" type="stmt" count="2"/>
        <line num="95" type="stmt" count="2"/>
        <line num="105" type="method" name="isDependantPackage" crap="6" count="9"/>
        <line num="109" type="stmt" count="9"/>
        <line num="110" type="stmt" count="7"/>
        <line num="111" type="stmt" count="5"/>
        <line num="113" type="stmt" count="6"/>
        <line num="115" type="stmt" count="6"/>
        <line num="116" type="stmt" count="4"/>
        <line num="117" type="stmt" count="2"/>
        <line num="118" type="stmt" count="2"/>
        <line num="120" type="stmt" count="2"/>
        <line num="123" type="stmt" count="5"/>
        <line num="126" type="method" name="installForVendors" crap="3" count="7"/>
        <line num="128" type="stmt" count="7"/>
        <line num="130" type="stmt" count="7"/>
        <line num="132" type="stmt" count="7"/>
        <line num="134" type="stmt" count="7"/>
        <line num="135" type="stmt" count="3"/>
        <line num="136" type="stmt" count="3"/>
        <line num="137" type="stmt" count="3"/>
        <line num="138" type="stmt" count="3"/>
        <line num="139" type="stmt" count="3"/>
        <line num="140" type="stmt" count="3"/>
        <line num="141" type="stmt" count="3"/>
        <line num="143" type="stmt" count="3"/>
        <line num="144" type="stmt" count="3"/>
        <line num="145" type="stmt" count="3"/>
        <line num="147" type="stmt" count="3"/>
        <line num="148" type="stmt" count="3"/>
        <line num="149" type="stmt" count="3"/>
        <line num="150" type="stmt" count="4"/>
        <line num="152" type="stmt" count="7"/>
        <metrics loc="157" ncloc="108" classes="1" methods="5" coveredmethods="5" conditionals="0" coveredconditionals="0" statements="51" coveredstatements="51" elements="56" coveredelements="56"/>
      </file>
      <file name="/home/travis/build/eloquent/composer-npm-bridge/src/NpmBridgeFactory.php">
        <class name="NpmBridgeFactory" namespace="Eloquent\Composer\NpmBridge">
          <metrics methods="3" coveredmethods="3" conditionals="0" coveredconditionals="0" statements="8" coveredstatements="8" elements="11" coveredelements="11"/>
        </class>
        <line num="26" type="method" name="create" crap="1" count="3"/>
        <line num="28" type="stmt" count="3"/>
        <line num="29" type="stmt" count="3"/>
        <line num="30" type="stmt" count="3"/>
        <line num="31" type="stmt" count="3"/>
        <line num="42" type="method" name="__construct" crap="1" count="3"/>
        <line num="46" type="stmt" count="3"/>
        <line num="47" type="stmt" count="3"/>
        <line num="48" type="stmt" count="3"/>
        <line num="55" type="method" name="createBridge" crap="1" count="2"/>
        <line num="57" type="stmt" count="2"/>
        <metrics loc="62" ncloc="33" classes="1" methods="3" coveredmethods="3" conditionals="0" coveredconditionals="0" statements="8" coveredstatements="8" elements="11" coveredelements="11"/>
      </file>
      <file name="/home/travis/build/eloquent/composer-npm-bridge/src/NpmBridgePlugin.php">
        <class name="NpmBridgePlugin" namespace="Eloquent\Composer\NpmBridge">
          <metrics methods="5" coveredmethods="5" conditionals="0" coveredconditionals="0" statements="14" coveredstatements="14" elements="19" coveredelements="19"/>
        </class>
        <line num="32" type="method" name="__construct" crap="2" count="6"/>
        <line num="34" type="stmt" count="6"/>
        <line num="35" type="stmt" count="1"/>
        <line num="38" type="stmt" count="6"/>
        <line num="39" type="stmt" count="6"/>
        <line num="47" type="method" name="activate" crap="1" count="1"/>
        <line num="50" type="stmt" count="1"/>
        <line num="57" type="method" name="getSubscribedEvents" crap="1" count="1"/>
        <line num="60" type="stmt" count="1"/>
        <line num="61" type="stmt" count="1"/>
        <line num="62" type="stmt" count="1"/>
        <line num="73" type="method" name="onPostInstallCmd" crap="1" count="2"/>
        <line num="75" type="stmt" count="2"/>
        <line num="76" type="stmt" count="2"/>
        <line num="77" type="stmt" count="2"/>
        <line num="87" type="method" name="onPostUpdateCmd" crap="1" count="1"/>
        <line num="89" type="stmt" count="1"/>
        <line num="90" type="stmt" count="1"/>
        <line num="91" type="stmt" count="1"/>
        <metrics loc="94" ncloc="49" classes="1" methods="5" coveredmethods="5" conditionals="0" coveredconditionals="0" statements="14" coveredstatements="14" elements="19" coveredelements="19"/>
      </file>
      <file name="/home/travis/build/eloquent/composer-npm-bridge/src/NpmClient.php">
        <class name="NpmClient" namespace="Eloquent\Composer\NpmBridge">
          <metrics methods="7" coveredmethods="7" conditionals="0" coveredconditionals="0" statements="34" coveredstatements="34" elements="41" coveredelements="41"/>
        </class>
        <line num="29" type="method" name="create" crap="1" count="3"/>
        <line num="31" type="stmt" count="3"/>
        <line num="44" type="method" name="__construct" crap="1" count="13"/>
        <line num="50" type="stmt" count="13"/>
        <line num="51" type="stmt" count="13"/>
        <line num="52" type="stmt" count="13"/>
        <line num="53" type="stmt" count="13"/>
        <line num="54" type="stmt" count="13"/>
        <line num="65" type="method" name="install" crap="3" count="4"/>
        <line num="67" type="stmt" count="4"/>
        <line num="68" type="stmt" count="3"/>
        <line num="71" type="stmt" count="4"/>
        <line num="72" type="stmt" count="3"/>
        <line num="73" type="stmt" count="3"/>
        <line num="74" type="stmt" count="1"/>
        <line num="77" type="stmt" count="4"/>
        <line num="78" type="stmt" count="2"/>
        <line num="88" type="method" name="update" crap="1" count="3"/>
        <line num="90" type="stmt" count="3"/>
        <line num="91" type="stmt" count="1"/>
        <line num="101" type="method" name="shrinkwrap" crap="1" count="3"/>
        <line num="103" type="stmt" count="3"/>
        <line num="104" type="stmt" count="1"/>
        <line num="106" type="method" name="executeNpm" crap="4" count="10"/>
        <line num="108" type="stmt" count="10"/>
        <line num="109" type="stmt" count="7"/>
        <line num="111" type="stmt" count="7"/>
        <line num="112" type="stmt" count="7"/>
        <line num="113" type="stmt" count="7"/>
        <line num="116" type="stmt" count="7"/>
        <line num="118" type="stmt" count="7"/>
        <line num="119" type="stmt" count="7"/>
        <line num="122" type="stmt" count="7"/>
        <line num="123" type="stmt" count="3"/>
        <line num="125" type="stmt" count="4"/>
        <line num="127" type="method" name="npmPath" crap="3" count="10"/>
        <line num="129" type="stmt" count="10"/>
        <line num="130" type="stmt" count="10"/>
        <line num="132" type="stmt" count="10"/>
        <line num="133" type="stmt" count="3"/>
        <line num="137" type="stmt" count="7"/>
        <metrics loc="145" ncloc="94" classes="1" methods="7" coveredmethods="7" conditionals="0" coveredconditionals="0" statements="34" coveredstatements="34" elements="41" coveredelements="41"/>
      </file>
      <file name="/home/travis/build/eloquent/composer-npm-bridge/src/NpmVendorFinder.php">
        <class name="NpmVendorFinder" namespace="Eloquent\Composer\NpmBridge">
          <metrics methods="1" coveredmethods="1" conditionals="0" coveredconditionals="0" statements="8" coveredstatements="8" elements="9" coveredelements="9"/>
        </class>
        <line num="30" type="method" name="find" crap="3" count="1"/>
        <line num="32" type="stmt" count="1"/>
        <line num="33" type="stmt" count="1"/>
        <line num="35" type="stmt" count="1"/>
        <line num="37" type="stmt" count="1"/>
        <line num="38" type="stmt" count="1"/>
        <line num="39" type="stmt" count="1"/>
        <line num="41" type="stmt" count="1"/>
        <line num="43" type="stmt" count="1"/>
        <metrics loc="45" ncloc="26" classes="1" methods="1" coveredmethods="1" conditionals="0" coveredconditionals="0" statements="8" coveredstatements="8" elements="9" coveredelements="9"/>
      </file>
    </package>
    <metrics files="7" loc="586" ncloc="355" classes="7" methods="24" coveredmethods="24" conditionals="0" coveredconditionals="0" statements="127" coveredstatements="127" elements="151" coveredelements="151"/>
  </project>
</coverage>
