<?xml version="1.0" encoding="UTF-8"?>
<coverage generated="1455252427">
  <project timestamp="1455252427">
    <package name="Eloquent\Composer\NpmBridge\Exception">
      <file name="/home/travis/build/eloquent/composer-npm-bridge/src/Exception/NpmCommandFailedException.php">
        <class name="NpmCommandFailedException" namespace="Eloquent\Composer\NpmBridge\Exception">
          <metrics methods="2" coveredmethods="2" conditionals="0" coveredconditionals="0" statements="7" coveredstatements="7" elements="9" coveredelements="9"/>
        </class>
        <line num="27" type="method" name="__construct" crap="1" count="4"/>
        <line num="29" type="stmt" count="4"/>
        <line num="31" type="stmt" count="4"/>
        <line num="32" type="stmt" count="4"/>
        <line num="33" type="stmt" count="4"/>
        <line num="35" type="stmt" count="4"/>
        <line num="36" type="stmt" count="4"/>
        <line num="43" type="method" name="command" crap="1" count="1"/>
        <line num="45" type="stmt" count="1"/>
        <metrics loc="49" ncloc="27" classes="1" methods="2" coveredmethods="2" conditionals="0" coveredconditionals="0" statements="7" coveredstatements="7" elements="9" coveredelements="9"/>
      </file>
      <file name="/home/travis/build/eloquent/composer-npm-bridge/src/Exception/NpmNotFoundException.php">
        <class name="NpmNotFoundException" namespace="Eloquent\Composer\NpmBridge\Exception">
          <metrics methods="1" coveredmethods="1" conditionals="0" coveredconditionals="0" statements="5" coveredstatements="5" elements="6" coveredelements="6"/>
        </class>
        <line num="26" type="method" name="__construct" crap="1" count="4"/>
        <line num="28" type="stmt" count="4"/>
        <line num="29" type="stmt" count="4"/>
        <line num="30" type="stmt" count="4"/>
        <line num="32" type="stmt" count="4"/>
        <line num="33" type="stmt" count="4"/>
        <metrics loc="34" ncloc="18" classes="1" methods="1" coveredmethods="1" conditionals="0" coveredconditionals="0" statements="5" coveredstatements="5" elements="6" coveredelements="6"/>
      </file>
    </package>
    <package name="Eloquent\Composer\NpmBridge">
      <file name="/home/travis/build/eloquent/composer-npm-bridge/src/NpmBridge.php">
        <class name="NpmBridge" namespace="Eloquent\Composer\NpmBridge">
          <metrics methods="8" coveredmethods="8" conditionals="0" coveredconditionals="0" statements="64" coveredstatements="64" elements="72" coveredelements="72"/>
        </class>
        <line num="32" type="method" name="__construct" crap="4" count="12"/>
        <line num="37" type="stmt" count="12"/>
        <line num="38" type="stmt" count="2"/>
        <line num="40" type="stmt" count="12"/>
        <line num="41" type="stmt" count="2"/>
        <line num="43" type="stmt" count="12"/>
        <line num="44" type="stmt" count="2"/>
        <line num="47" type="stmt" count="12"/>
        <line num="48" type="stmt" count="12"/>
        <line num="49" type="stmt" count="12"/>
        <line num="50" type="stmt" count="12"/>
        <line num="57" type="method" name="io" crap="1" count="9"/>
        <line num="59" type="stmt" count="9"/>
        <line num="67" type="method" name="vendorFinder" crap="1" count="9"/>
        <line num="69" type="stmt" count="9"/>
        <line num="77" type="method" name="client" crap="1" count="6"/>
        <line num="79" type="stmt" count="6"/>
        <line num="91" type="method" name="install" crap="3" count="5"/>
        <line num="93" type="stmt" count="5"/>
        <line num="94" type="stmt" count="2"/>
        <line num="97" type="stmt" count="5"/>
        <line num="99" type="stmt" count="5"/>
        <line num="101" type="stmt" count="5"/>
        <line num="102" type="stmt" count="3"/>
        <line num="103" type="stmt" count="3"/>
        <line num="104" type="stmt" count="2"/>
        <line num="107" type="stmt" count="5"/>
        <line num="108" type="stmt" count="5"/>
        <line num="122" type="method" name="update" crap="2" count="2"/>
        <line num="124" type="stmt" count="2"/>
        <line num="126" type="stmt" count="2"/>
        <line num="128" type="stmt" count="2"/>
        <line num="129" type="stmt" count="1"/>
        <line num="130" type="stmt" count="1"/>
        <line num="131" type="stmt" count="1"/>
        <line num="132" type="stmt" count="1"/>
        <line num="133" type="stmt" count="1"/>
        <line num="136" type="stmt" count="2"/>
        <line num="137" type="stmt" count="2"/>
        <line num="147" type="method" name="isDependantPackage" crap="7" count="9"/>
        <line num="151" type="stmt" count="9"/>
        <line num="152" type="stmt" count="1"/>
        <line num="155" type="stmt" count="9"/>
        <line num="156" type="stmt" count="7"/>
        <line num="157" type="stmt" count="5"/>
        <line num="159" type="stmt" count="6"/>
        <line num="161" type="stmt" count="6"/>
        <line num="162" type="stmt" count="4"/>
        <line num="163" type="stmt" count="2"/>
        <line num="164" type="stmt" count="2"/>
        <line num="166" type="stmt" count="2"/>
        <line num="169" type="stmt" count="5"/>
        <line num="181" type="method" name="installForVendors" crap="3" count="7"/>
        <line num="183" type="stmt" count="7"/>
        <line num="185" type="stmt" count="7"/>
        <line num="187" type="stmt" count="7"/>
        <line num="188" type="stmt" count="7"/>
        <line num="189" type="stmt" count="3"/>
        <line num="190" type="stmt" count="3"/>
        <line num="191" type="stmt" count="3"/>
        <line num="192" type="stmt" count="3"/>
        <line num="193" type="stmt" count="3"/>
        <line num="194" type="stmt" count="3"/>
        <line num="195" type="stmt" count="3"/>
        <line num="197" type="stmt" count="3"/>
        <line num="198" type="stmt" count="3"/>
        <line num="199" type="stmt" count="3"/>
        <line num="201" type="stmt" count="3"/>
        <line num="202" type="stmt" count="3"/>
        <line num="203" type="stmt" count="3"/>
        <line num="204" type="stmt" count="4"/>
        <line num="206" type="stmt" count="7"/>
        <metrics loc="211" ncloc="140" classes="1" methods="8" coveredmethods="8" conditionals="0" coveredconditionals="0" statements="64" coveredstatements="64" elements="72" coveredelements="72"/>
      </file>
      <file name="/home/travis/build/eloquent/composer-npm-bridge/src/NpmBridgeFactory.php">
        <class name="NpmBridgeFactory" namespace="Eloquent\Composer\NpmBridge">
          <metrics methods="1" coveredmethods="1" conditionals="0" coveredconditionals="0" statements="1" coveredstatements="1" elements="2" coveredelements="2"/>
        </class>
        <line num="28" type="method" name="create" crap="1" count="1"/>
        <line num="33" type="stmt" count="1"/>
        <metrics loc="35" ncloc="17" classes="1" methods="1" coveredmethods="1" conditionals="0" coveredconditionals="0" statements="1" coveredstatements="1" elements="2" coveredelements="2"/>
      </file>
      <file name="/home/travis/build/eloquent/composer-npm-bridge/src/NpmBridgePlugin.php">
        <class name="NpmBridgePlugin" namespace="Eloquent\Composer\NpmBridge">
          <metrics methods="6" coveredmethods="6" conditionals="0" coveredconditionals="0" statements="17" coveredstatements="17" elements="23" coveredelements="23"/>
        </class>
        <line num="31" type="method" name="__construct" crap="2" count="7"/>
        <line num="33" type="stmt" count="7"/>
        <line num="34" type="stmt" count="1"/>
        <line num="37" type="stmt" count="7"/>
        <line num="38" type="stmt" count="7"/>
        <line num="45" type="method" name="bridgeFactory" crap="1" count="5"/>
        <line num="47" type="stmt" count="5"/>
        <line num="56" type="method" name="activate" crap="1" count="1"/>
        <line num="59" type="stmt" count="1"/>
        <line num="66" type="method" name="getSubscribedEvents" crap="1" count="1"/>
        <line num="69" type="stmt" count="1"/>
        <line num="70" type="stmt" count="1"/>
        <line num="71" type="stmt" count="1"/>
        <line num="82" type="method" name="onPostInstallCmd" crap="1" count="2"/>
        <line num="84" type="stmt" count="2"/>
        <line num="85" type="stmt" count="2"/>
        <line num="86" type="stmt" count="2"/>
        <line num="87" type="stmt" count="2"/>
        <line num="97" type="method" name="onPostUpdateCmd" crap="1" count="1"/>
        <line num="99" type="stmt" count="1"/>
        <line num="100" type="stmt" count="1"/>
        <line num="101" type="stmt" count="1"/>
        <line num="102" type="stmt" count="1"/>
        <metrics loc="105" ncloc="55" classes="1" methods="6" coveredmethods="6" conditionals="0" coveredconditionals="0" statements="17" coveredstatements="17" elements="23" coveredelements="23"/>
      </file>
      <file name="/home/travis/build/eloquent/composer-npm-bridge/src/NpmClient.php">
        <class name="NpmClient" namespace="Eloquent\Composer\NpmBridge">
          <metrics methods="9" coveredmethods="9" conditionals="0" coveredconditionals="0" statements="39" coveredstatements="39" elements="48" coveredelements="48"/>
        </class>
        <line num="30" type="method" name="__construct" crap="3" count="15"/>
        <line num="35" type="stmt" count="15"/>
        <line num="36" type="stmt" count="2"/>
        <line num="38" type="stmt" count="15"/>
        <line num="39" type="stmt" count="4"/>
        <line num="42" type="stmt" count="15"/>
        <line num="43" type="stmt" count="15"/>
        <line num="44" type="stmt" count="15"/>
        <line num="45" type="stmt" count="15"/>
        <line num="52" type="method" name="processExecutor" crap="1" count="9"/>
        <line num="54" type="stmt" count="9"/>
        <line num="62" type="method" name="executableFinder" crap="1" count="12"/>
        <line num="64" type="stmt" count="12"/>
        <line num="76" type="method" name="install" crap="3" count="4"/>
        <line num="78" type="stmt" count="4"/>
        <line num="79" type="stmt" count="3"/>
        <line num="82" type="stmt" count="4"/>
        <line num="83" type="stmt" count="3"/>
        <line num="84" type="stmt" count="3"/>
        <line num="85" type="stmt" count="1"/>
        <line num="88" type="stmt" count="4"/>
        <line num="89" type="stmt" count="2"/>
        <line num="99" type="method" name="update" crap="1" count="3"/>
        <line num="101" type="stmt" count="3"/>
        <line num="102" type="stmt" count="1"/>
        <line num="112" type="method" name="shrinkwrap" crap="1" count="3"/>
        <line num="114" type="stmt" count="3"/>
        <line num="115" type="stmt" count="1"/>
        <line num="126" type="method" name="executeNpm" crap="4" count="10"/>
        <line num="130" type="stmt" count="10"/>
        <line num="131" type="stmt" count="7"/>
        <line num="133" type="stmt" count="7"/>
        <line num="134" type="stmt" count="7"/>
        <line num="135" type="stmt" count="7"/>
        <line num="138" type="stmt" count="7"/>
        <line num="140" type="stmt" count="7"/>
        <line num="141" type="stmt" count="7"/>
        <line num="144" type="stmt" count="7"/>
        <line num="145" type="stmt" count="3"/>
        <line num="147" type="stmt" count="4"/>
        <line num="155" type="method" name="npmPath" crap="3" count="10"/>
        <line num="157" type="stmt" count="10"/>
        <line num="158" type="stmt" count="10"/>
        <line num="159" type="stmt" count="10"/>
        <line num="160" type="stmt" count="3"/>
        <line num="164" type="stmt" count="7"/>
        <line num="172" type="method" name="isolator" crap="1" count="7"/>
        <line num="174" type="stmt" count="7"/>
        <metrics loc="181" ncloc="108" classes="1" methods="9" coveredmethods="9" conditionals="0" coveredconditionals="0" statements="39" coveredstatements="39" elements="48" coveredelements="48"/>
      </file>
      <file name="/home/travis/build/eloquent/composer-npm-bridge/src/NpmVendorFinder.php">
        <class name="NpmVendorFinder" namespace="Eloquent\Composer\NpmBridge">
          <metrics methods="1" coveredmethods="1" conditionals="0" coveredconditionals="0" statements="8" coveredstatements="8" elements="9" coveredelements="9"/>
        </class>
        <line num="30" type="method" name="find" crap="3" count="1"/>
        <line num="32" type="stmt" count="1"/>
        <line num="33" type="stmt" count="1"/>
        <line num="35" type="stmt" count="1"/>
        <line num="36" type="stmt" count="1"/>
        <line num="37" type="stmt" count="1"/>
        <line num="38" type="stmt" count="1"/>
        <line num="40" type="stmt" count="1"/>
        <line num="42" type="stmt" count="1"/>
        <metrics loc="44" ncloc="25" classes="1" methods="1" coveredmethods="1" conditionals="0" coveredconditionals="0" statements="8" coveredstatements="8" elements="9" coveredelements="9"/>
      </file>
    </package>
    <metrics files="7" loc="659" ncloc="390" classes="7" methods="28" coveredmethods="28" conditionals="0" coveredconditionals="0" statements="141" coveredstatements="141" elements="169" coveredelements="169"/>
  </project>
</coverage>
