<?xml version="1.0" encoding="UTF-8"?>
<testsuites>
  <testsuite name="" tests="33" assertions="118" failures="0" errors="0" time="1.622825">
    <testsuite name="Eloquent\Composer\NpmBridge\Exception\NpmCommandFailedExceptionTest" file="/home/travis/build/eloquent/composer-npm-bridge/test/suite/Exception/NpmCommandFailedExceptionTest.php" tests="1" assertions="4" failures="0" errors="0" time="0.008637">
      <testcase name="testException" class="Eloquent\Composer\NpmBridge\Exception\NpmCommandFailedExceptionTest" file="/home/travis/build/eloquent/composer-npm-bridge/test/suite/Exception/NpmCommandFailedExceptionTest.php" line="19" assertions="4" time="0.008637"/>
    </testsuite>
    <testsuite name="Eloquent\Composer\NpmBridge\Exception\NpmNotFoundExceptionTest" file="/home/travis/build/eloquent/composer-npm-bridge/test/suite/Exception/NpmNotFoundExceptionTest.php" tests="1" assertions="3" failures="0" errors="0" time="0.006224">
      <testcase name="testException" class="Eloquent\Composer\NpmBridge\Exception\NpmNotFoundExceptionTest" file="/home/travis/build/eloquent/composer-npm-bridge/test/suite/Exception/NpmNotFoundExceptionTest.php" line="19" assertions="3" time="0.006224"/>
    </testsuite>
    <testsuite name="Eloquent\Composer\NpmBridge\NpmBridgeFactoryTest" file="/home/travis/build/eloquent/composer-npm-bridge/test/suite/NpmBridgeFactoryTest.php" tests="1" assertions="1" failures="0" errors="0" time="0.160138">
      <testcase name="testCreate" class="Eloquent\Composer\NpmBridge\NpmBridgeFactoryTest" file="/home/travis/build/eloquent/composer-npm-bridge/test/suite/NpmBridgeFactoryTest.php" line="30" assertions="1" time="0.160138"/>
    </testsuite>
    <testsuite name="Eloquent\Composer\NpmBridge\NpmBridgePluginTest" file="/home/travis/build/eloquent/composer-npm-bridge/test/suite/NpmBridgePluginTest.php" tests="7" assertions="13" failures="0" errors="0" time="0.241420">
      <testcase name="testConstructor" class="Eloquent\Composer\NpmBridge\NpmBridgePluginTest" file="/home/travis/build/eloquent/composer-npm-bridge/test/suite/NpmBridgePluginTest.php" line="37" assertions="1" time="0.112645"/>
      <testcase name="testConstructorDefaults" class="Eloquent\Composer\NpmBridge\NpmBridgePluginTest" file="/home/travis/build/eloquent/composer-npm-bridge/test/suite/NpmBridgePluginTest.php" line="42" assertions="1" time="0.014152"/>
      <testcase name="testActivate" class="Eloquent\Composer\NpmBridge\NpmBridgePluginTest" file="/home/travis/build/eloquent/composer-npm-bridge/test/suite/NpmBridgePluginTest.php" line="49" assertions="1" time="0.013568"/>
      <testcase name="testGetSubscribedEvents" class="Eloquent\Composer\NpmBridge\NpmBridgePluginTest" file="/home/travis/build/eloquent/composer-npm-bridge/test/suite/NpmBridgePluginTest.php" line="54" assertions="1" time="0.013691"/>
      <testcase name="testOnPostInstallCmd" class="Eloquent\Composer\NpmBridge\NpmBridgePluginTest" file="/home/travis/build/eloquent/composer-npm-bridge/test/suite/NpmBridgePluginTest.php" line="65" assertions="3" time="0.035949"/>
      <testcase name="testOnPostInstallCmdProductionMode" class="Eloquent\Composer\NpmBridge\NpmBridgePluginTest" file="/home/travis/build/eloquent/composer-npm-bridge/test/suite/NpmBridgePluginTest.php" line="75" assertions="3" time="0.025892"/>
      <testcase name="testOnPostUpdateCmd" class="Eloquent\Composer\NpmBridge\NpmBridgePluginTest" file="/home/travis/build/eloquent/composer-npm-bridge/test/suite/NpmBridgePluginTest.php" line="85" assertions="3" time="0.025523"/>
    </testsuite>
    <testsuite name="Eloquent\Composer\NpmBridge\NpmBridgeTest" file="/home/travis/build/eloquent/composer-npm-bridge/test/suite/NpmBridgeTest.php" tests="10" assertions="50" failures="0" errors="0" time="0.559652">
      <testcase name="testConstructor" class="Eloquent\Composer\NpmBridge\NpmBridgeTest" file="/home/travis/build/eloquent/composer-npm-bridge/test/suite/NpmBridgeTest.php" line="52" assertions="3" time="0.067422"/>
      <testcase name="testConstructorDefaults" class="Eloquent\Composer\NpmBridge\NpmBridgeTest" file="/home/travis/build/eloquent/composer-npm-bridge/test/suite/NpmBridgeTest.php" line="59" assertions="3" time="0.037906"/>
      <testcase name="testInstall" class="Eloquent\Composer\NpmBridge\NpmBridgeTest" file="/home/travis/build/eloquent/composer-npm-bridge/test/suite/NpmBridgeTest.php" line="68" assertions="8" time="0.076850"/>
      <testcase name="testInstallProductionMode" class="Eloquent\Composer\NpmBridge\NpmBridgeTest" file="/home/travis/build/eloquent/composer-npm-bridge/test/suite/NpmBridgeTest.php" line="85" assertions="8" time="0.076676"/>
      <testcase name="testInstallRootDevDependenciesInDevMode" class="Eloquent\Composer\NpmBridge\NpmBridgeTest" file="/home/travis/build/eloquent/composer-npm-bridge/test/suite/NpmBridgeTest.php" line="102" assertions="1" time="0.043358"/>
      <testcase name="testInstallRootDevDependenciesInProductionMode" class="Eloquent\Composer\NpmBridge\NpmBridgeTest" file="/home/travis/build/eloquent/composer-npm-bridge/test/suite/NpmBridgeTest.php" line="111" assertions="1" time="0.042027"/>
      <testcase name="testInstallNothing" class="Eloquent\Composer\NpmBridge\NpmBridgeTest" file="/home/travis/build/eloquent/composer-npm-bridge/test/suite/NpmBridgeTest.php" line="120" assertions="5" time="0.051305"/>
      <testcase name="testUpdate" class="Eloquent\Composer\NpmBridge\NpmBridgeTest" file="/home/travis/build/eloquent/composer-npm-bridge/test/suite/NpmBridgeTest.php" line="134" assertions="10" time="0.089673"/>
      <testcase name="testUpdateNothing" class="Eloquent\Composer\NpmBridge\NpmBridgeTest" file="/home/travis/build/eloquent/composer-npm-bridge/test/suite/NpmBridgeTest.php" line="153" assertions="5" time="0.051484"/>
      <testcase name="testIsDependantPackage" class="Eloquent\Composer\NpmBridge\NpmBridgeTest" file="/home/travis/build/eloquent/composer-npm-bridge/test/suite/NpmBridgeTest.php" line="167" assertions="6" time="0.022951"/>
    </testsuite>
    <testsuite name="Eloquent\Composer\NpmBridge\NpmClientTest" file="/home/travis/build/eloquent/composer-npm-bridge/test/suite/NpmClientTest.php" tests="12" assertions="46" failures="0" errors="0" time="0.617119">
      <testcase name="testConstructor" class="Eloquent\Composer\NpmBridge\NpmClientTest" file="/home/travis/build/eloquent/composer-npm-bridge/test/suite/NpmClientTest.php" line="37" assertions="2" time="0.120793"/>
      <testcase name="testConstructorDefaults" class="Eloquent\Composer\NpmBridge\NpmClientTest" file="/home/travis/build/eloquent/composer-npm-bridge/test/suite/NpmClientTest.php" line="43" assertions="2" time="0.033325"/>
      <testcase name="testInstall" class="Eloquent\Composer\NpmBridge\NpmClientTest" file="/home/travis/build/eloquent/composer-npm-bridge/test/suite/NpmClientTest.php" line="51" assertions="10" time="0.069753"/>
      <testcase name="testInstallProductionMode" class="Eloquent\Composer\NpmBridge\NpmClientTest" file="/home/travis/build/eloquent/composer-npm-bridge/test/suite/NpmClientTest.php" line="66" assertions="6" time="0.047733"/>
      <testcase name="testInstallFailureNpmNotFound" class="Eloquent\Composer\NpmBridge\NpmClientTest" file="/home/travis/build/eloquent/composer-npm-bridge/test/suite/NpmClientTest.php" line="77" assertions="1" time="0.027565"/>
      <testcase name="testInstallFailureCommandFailed" class="Eloquent\Composer\NpmBridge\NpmClientTest" file="/home/travis/build/eloquent/composer-npm-bridge/test/suite/NpmClientTest.php" line="85" assertions="1" time="0.040753"/>
      <testcase name="testUpdate" class="Eloquent\Composer\NpmBridge\NpmClientTest" file="/home/travis/build/eloquent/composer-npm-bridge/test/suite/NpmClientTest.php" line="93" assertions="10" time="0.070295"/>
      <testcase name="testUpdateFailureNpmNotFound" class="Eloquent\Composer\NpmBridge\NpmClientTest" file="/home/travis/build/eloquent/composer-npm-bridge/test/suite/NpmClientTest.php" line="108" assertions="1" time="0.028394"/>
      <testcase name="testUpdateFailureCommandFailed" class="Eloquent\Composer\NpmBridge\NpmClientTest" file="/home/travis/build/eloquent/composer-npm-bridge/test/suite/NpmClientTest.php" line="116" assertions="1" time="0.040707"/>
      <testcase name="testShrinkwrap" class="Eloquent\Composer\NpmBridge\NpmClientTest" file="/home/travis/build/eloquent/composer-npm-bridge/test/suite/NpmClientTest.php" line="124" assertions="10" time="0.069817"/>
      <testcase name="testShrinkwrapFailureNpmNotFound" class="Eloquent\Composer\NpmBridge\NpmClientTest" file="/home/travis/build/eloquent/composer-npm-bridge/test/suite/NpmClientTest.php" line="139" assertions="1" time="0.027131"/>
      <testcase name="testShrinkwrapFailureCommandFailed" class="Eloquent\Composer\NpmBridge\NpmClientTest" file="/home/travis/build/eloquent/composer-npm-bridge/test/suite/NpmClientTest.php" line="147" assertions="1" time="0.040853"/>
    </testsuite>
    <testsuite name="Eloquent\Composer\NpmBridge\NpmVendorFinderTest" file="/home/travis/build/eloquent/composer-npm-bridge/test/suite/NpmVendorFinderTest.php" tests="1" assertions="1" failures="0" errors="0" time="0.029635">
      <testcase name="testFind" class="Eloquent\Composer\NpmBridge\NpmVendorFinderTest" file="/home/travis/build/eloquent/composer-npm-bridge/test/suite/NpmVendorFinderTest.php" line="62" assertions="1" time="0.029635"/>
    </testsuite>
  </testsuite>
</testsuites>
